<?xml version="1.0" encoding="UTF-8"?>
<testsuite xmlns:xsi="http://www.w3.org/2001/XMLSchema-instance" xsi:noNamespaceSchemaLocation="https://maven.apache.org/surefire/maven-surefire-plugin/xsd/surefire-test-report-3.0.xsd" version="3.0" name="com.bookstore.repository.BookRepositoryTest" time="2.032" tests="5" errors="0" skipped="0" failures="0">
  <properties>
[...]
</properties>
  <testcase name="findByTitleContainingIgnoreCase_ShouldReturnBooks_WhenTitleMatches" classname="com.bookstore.repository.BookRepositoryTest" time="0.43">
    <system-out><![CDATA[09:12:05.742 [main] INFO org.springframework.test.context.support.AnnotationConfigContextLoaderUtils -- Could not detect default configuration classes for test class [com.bookstore.repository.BookRepositoryTest]: BookRepositoryTest does not declare any static, non-private, non-final, nested classes annotated with @Configuration.
09:12:05.804 [main] INFO org.springframework.boot.test.context.SpringBootTestContextBootstrapper -- Found @SpringBootConfiguration com.bookstore.BookstoreApplication for test class com.bookstore.repository.BookRepositoryTest

  .   ____          _            __ _ _
 /\\ / ___'_ __ _ _(_)_ __  __ _ \ \ \ \
( ( )\___ | '_ | '_| | '_ \/ _` | \ \ \ \
 \\/  ___)| |_)| | | | | || (_| |  ) ) ) )
  '  |____| .__|_| |_|_| |_\__, | / / / /
 =========|_|==============|___/=/_/_/_/
&amp#27;[32m :: Spring Boot :: &amp#27;[39m              &amp#27;[2m (v3.1.5)&amp#27;[0;39m

&amp#27;[2m2025-04-04T09:12:05.965+05:30&amp#27;[0;39m &amp#27;[32m INFO&amp#27;[0;39m &amp#27;[35m89859&amp#27;[0;39m &amp#27;[2m---&amp#27;[0;39m &amp#27;[2m[           main]&amp#27;[0;39m &amp#27;[36mc.b.repository.BookRepositoryTest       &amp#27;[0;39m &amp#27;[2m:&amp#27;[0;39m Starting BookRepositoryTest using Java 23.0.2 with PID 89859 (started by nitish in /Users/nitish/Desktop/BookstoreManager)
&amp#27;[2m2025-04-04T09:12:05.965+05:30&amp#27;[0;39m &amp#27;[32m INFO&amp#27;[0;39m &amp#27;[35m89859&amp#27;[0;39m &amp#27;[2m---&amp#27;[0;39m &amp#27;[2m[           main]&amp#27;[0;39m &amp#27;[36mc.b.repository.BookRepositoryTest       &amp#27;[0;39m &amp#27;[2m:&amp#27;[0;39m No active profile set, falling back to 1 default profile: "default"
&amp#27;[2m2025-04-04T09:12:06.165+05:30&amp#27;[0;39m &amp#27;[32m INFO&amp#27;[0;39m &amp#27;[35m89859&amp#27;[0;39m &amp#27;[2m---&amp#27;[0;39m &amp#27;[2m[           main]&amp#27;[0;39m &amp#27;[36m.s.d.r.c.RepositoryConfigurationDelegate&amp#27;[0;39m &amp#27;[2m:&amp#27;[0;39m Bootstrapping Spring Data JPA repositories in DEFAULT mode.
&amp#27;[2m2025-04-04T09:12:06.193+05:30&amp#27;[0;39m &amp#27;[32m INFO&amp#27;[0;39m &amp#27;[35m89859&amp#27;[0;39m &amp#27;[2m---&amp#27;[0;39m &amp#27;[2m[           main]&amp#27;[0;39m &amp#27;[36m.s.d.r.c.RepositoryConfigurationDelegate&amp#27;[0;39m &amp#27;[2m:&amp#27;[0;39m Finished Spring Data repository scanning in 22 ms. Found 1 JPA repository interfaces.
&amp#27;[2m2025-04-04T09:12:06.218+05:30&amp#27;[0;39m &amp#27;[32m INFO&amp#27;[0;39m &amp#27;[35m89859&amp#27;[0;39m &amp#27;[2m---&amp#27;[0;39m &amp#27;[2m[           main]&amp#27;[0;39m &amp#27;[36mbeddedDataSourceBeanFactoryPostProcessor&amp#27;[0;39m &amp#27;[2m:&amp#27;[0;39m Replacing 'dataSource' DataSource bean with embedded version
&amp#27;[2m2025-04-04T09:12:06.292+05:30&amp#27;[0;39m &amp#27;[32m INFO&amp#27;[0;39m &amp#27;[35m89859&amp#27;[0;39m &amp#27;[2m---&amp#27;[0;39m &amp#27;[2m[           main]&amp#27;[0;39m &amp#27;[36mo.s.j.d.e.EmbeddedDatabaseFactory       &amp#27;[0;39m &amp#27;[2m:&amp#27;[0;39m Starting embedded database: url='jdbc:h2:mem:d20a0bf9-f165-4cb2-a3b9-c6f1e7f09a09;DB_CLOSE_DELAY=-1;DB_CLOSE_ON_EXIT=false', username='sa'
&amp#27;[2m2025-04-04T09:12:06.426+05:30&amp#27;[0;39m &amp#27;[32m INFO&amp#27;[0;39m &amp#27;[35m89859&amp#27;[0;39m &amp#27;[2m---&amp#27;[0;39m &amp#27;[2m[           main]&amp#27;[0;39m &amp#27;[36mo.hibernate.jpa.internal.util.LogHelper &amp#27;[0;39m &amp#27;[2m:&amp#27;[0;39m HHH000204: Processing PersistenceUnitInfo [name: default]
&amp#27;[2m2025-04-04T09:12:06.454+05:30&amp#27;[0;39m &amp#27;[32m INFO&amp#27;[0;39m &amp#27;[35m89859&amp#27;[0;39m &amp#27;[2m---&amp#27;[0;39m &amp#27;[2m[           main]&amp#27;[0;39m &amp#27;[36morg.hibernate.Version                   &amp#27;[0;39m &amp#27;[2m:&amp#27;[0;39m HHH000412: Hibernate ORM core version 6.2.13.Final
&amp#27;[2m2025-04-04T09:12:06.455+05:30&amp#27;[0;39m &amp#27;[32m INFO&amp#27;[0;39m &amp#27;[35m89859&amp#27;[0;39m &amp#27;[2m---&amp#27;[0;39m &amp#27;[2m[           main]&amp#27;[0;39m &amp#27;[36morg.hibernate.cfg.Environment           &amp#27;[0;39m &amp#27;[2m:&amp#27;[0;39m HHH000406: Using bytecode reflection optimizer
&amp#27;[2m2025-04-04T09:12:06.585+05:30&amp#27;[0;39m &amp#27;[32m INFO&amp#27;[0;39m &amp#27;[35m89859&amp#27;[0;39m &amp#27;[2m---&amp#27;[0;39m &amp#27;[2m[           main]&amp#27;[0;39m &amp#27;[36mo.s.o.j.p.SpringPersistenceUnitInfo     &amp#27;[0;39m &amp#27;[2m:&amp#27;[0;39m No LoadTimeWeaver setup: ignoring JPA class transformer
&amp#27;[2m2025-04-04T09:12:06.612+05:30&amp#27;[0;39m &amp#27;[33m WARN&amp#27;[0;39m &amp#27;[35m89859&amp#27;[0;39m &amp#27;[2m---&amp#27;[0;39m &amp#27;[2m[           main]&amp#27;[0;39m &amp#27;[36morg.hibernate.orm.deprecation           &amp#27;[0;39m &amp#27;[2m:&amp#27;[0;39m HHH90000025: H2Dialect does not need to be specified explicitly using 'hibernate.dialect' (remove the property setting and it will be selected by default)
&amp#27;[2m2025-04-04T09:12:06.996+05:30&amp#27;[0;39m &amp#27;[32m INFO&amp#27;[0;39m &amp#27;[35m89859&amp#27;[0;39m &amp#27;[2m---&amp#27;[0;39m &amp#27;[2m[           main]&amp#27;[0;39m &amp#27;[36mo.h.e.t.j.p.i.JtaPlatformInitiator      &amp#27;[0;39m &amp#27;[2m:&amp#27;[0;39m HHH000489: No JTA platform available (set 'hibernate.transaction.jta.platform' to enable JTA platform integration)
Hibernate: 
    create table books (
        id bigint generated by default as identity,
        author varchar(255) not null,
        description varchar(5000),
        genre varchar(255) not null check (genre in ('FICTION','NON_FICTION','SCIENCE_FICTION','FANTASY','MYSTERY','THRILLER','ROMANCE','WESTERN','HORROR','BIOGRAPHY','HISTORY','SCIENCE','POETRY','CHILDREN','YOUNG_ADULT','SELF_HELP','BUSINESS','TRAVEL','COOKING','ART','EDUCATION','REFERENCE','TECHNOLOGY','OTHER')),
        isbn varchar(13) not null,
        page_count integer not null,
        price numeric(38,2) not null,
        publication_date date not null,
        publisher varchar(255) not null,
        title varchar(255) not null,
        primary key (id)
    )
Hibernate: 
    alter table if exists books 
       drop constraint if exists UK_kibbepcitr0a3cpk3rfr7nihn
Hibernate: 
    alter table if exists books 
       add constraint UK_kibbepcitr0a3cpk3rfr7nihn unique (isbn)
&amp#27;[2m2025-04-04T09:12:07.023+05:30&amp#27;[0;39m &amp#27;[32m INFO&amp#27;[0;39m &amp#27;[35m89859&amp#27;[0;39m &amp#27;[2m---&amp#27;[0;39m &amp#27;[2m[           main]&amp#27;[0;39m &amp#27;[36mj.LocalContainerEntityManagerFactoryBean&amp#27;[0;39m &amp#27;[2m:&amp#27;[0;39m Initialized JPA EntityManagerFactory for persistence unit 'default'
&amp#27;[2m2025-04-04T09:12:07.218+05:30&amp#27;[0;39m &amp#27;[32m INFO&amp#27;[0;39m &amp#27;[35m89859&amp#27;[0;39m &amp#27;[2m---&amp#27;[0;39m &amp#27;[2m[           main]&amp#27;[0;39m &amp#27;[36mc.b.repository.BookRepositoryTest       &amp#27;[0;39m &amp#27;[2m:&amp#27;[0;39m Started BookRepositoryTest in 1.381 seconds (process running for 1.901)
Hibernate: 
    insert 
    into
        books
        (author,description,genre,isbn,page_count,price,publication_date,publisher,title,id) 
    values
        (?,?,?,?,?,?,?,?,?,default)
Hibernate: 
    insert 
    into
        books
        (author,description,genre,isbn,page_count,price,publication_date,publisher,title,id) 
    values
        (?,?,?,?,?,?,?,?,?,default)
Hibernate: 
    select
        b1_0.id,
        b1_0.author,
        b1_0.description,
        b1_0.genre,
        b1_0.isbn,
        b1_0.page_count,
        b1_0.price,
        b1_0.publication_date,
        b1_0.publisher,
        b1_0.title 
    from
        books b1_0 
    where
        upper(b1_0.title) like upper(?) escape '\'
]]></system-out>
    <system-err><![CDATA[WARNING: A Java agent has been loaded dynamically (/Users/nitish/.m2/repository/net/bytebuddy/byte-buddy-agent/1.14.9/byte-buddy-agent-1.14.9.jar)
WARNING: If a serviceability tool is in use, please run with -XX:+EnableDynamicAgentLoading to hide this warning
WARNING: If a serviceability tool is not in use, please run with -Djdk.instrument.traceUsage for more information
WARNING: Dynamic loading of agents will be disallowed by default in a future release
]]></system-err>
  </testcase>
  <testcase name="findByIsbn_ShouldReturnEmpty_WhenIsbnDoesNotExist" classname="com.bookstore.repository.BookRepositoryTest" time="0.006">
    <system-out><![CDATA[Hibernate: 
    select
        b1_0.id,
        b1_0.author,
        b1_0.description,
        b1_0.genre,
        b1_0.isbn,
        b1_0.page_count,
        b1_0.price,
        b1_0.publication_date,
        b1_0.publisher,
        b1_0.title 
    from
        books b1_0 
    where
        b1_0.isbn=?
]]></system-out>
  </testcase>
  <testcase name="findByIsbn_ShouldReturnBook_WhenIsbnExists" classname="com.bookstore.repository.BookRepositoryTest" time="0.006">
    <system-out><![CDATA[Hibernate: 
    insert 
    into
        books
        (author,description,genre,isbn,page_count,price,publication_date,publisher,title,id) 
    values
        (?,?,?,?,?,?,?,?,?,default)
Hibernate: 
    select
        b1_0.id,
        b1_0.author,
        b1_0.description,
        b1_0.genre,
        b1_0.isbn,
        b1_0.page_count,
        b1_0.price,
        b1_0.publication_date,
        b1_0.publisher,
        b1_0.title 
    from
        books b1_0 
    where
        b1_0.isbn=?
]]></system-out>
  </testcase>
  <testcase name="findByAuthorContainingIgnoreCase_ShouldReturnBooks_WhenAuthorMatches" classname="com.bookstore.repository.BookRepositoryTest" time="0.007">
    <system-out><![CDATA[Hibernate: 
    insert 
    into
        books
        (author,description,genre,isbn,page_count,price,publication_date,publisher,title,id) 
    values
        (?,?,?,?,?,?,?,?,?,default)
Hibernate: 
    insert 
    into
        books
        (author,description,genre,isbn,page_count,price,publication_date,publisher,title,id) 
    values
        (?,?,?,?,?,?,?,?,?,default)
Hibernate: 
    select
        b1_0.id,
        b1_0.author,
        b1_0.description,
        b1_0.genre,
        b1_0.isbn,
        b1_0.page_count,
        b1_0.price,
        b1_0.publication_date,
        b1_0.publisher,
        b1_0.title 
    from
        books b1_0 
    where
        upper(b1_0.author) like upper(?) escape '\'
]]></system-out>
  </testcase>
  <testcase name="findByGenre_ShouldReturnBooks_WhenGenreMatches" classname="com.bookstore.repository.BookRepositoryTest" time="0.007">
    <system-out><![CDATA[Hibernate: 
    insert 
    into
        books
        (author,description,genre,isbn,page_count,price,publication_date,publisher,title,id) 
    values
        (?,?,?,?,?,?,?,?,?,default)
Hibernate: 
    insert 
    into
        books
        (author,description,genre,isbn,page_count,price,publication_date,publisher,title,id) 
    values
        (?,?,?,?,?,?,?,?,?,default)
Hibernate: 
    select
        b1_0.id,
        b1_0.author,
        b1_0.description,
        b1_0.genre,
        b1_0.isbn,
        b1_0.page_count,
        b1_0.price,
        b1_0.publication_date,
        b1_0.publisher,
        b1_0.title 
    from
        books b1_0 
    where
        b1_0.genre=?
]]></system-out>
  </testcase>
</testsuite>